[debug] [2020-06-04T20:32:45.434Z] ----------------------------------------------------------------------
[debug] [2020-06-04T20:32:45.436Z] Command:       D:\Program Files\nodejs\node.exe C:\Users\ibann\AppData\Roaming\npm\node_modules\firebase-tools\lib\bin\firebase.js database:set / src/data.json -y
[debug] [2020-06-04T20:32:45.436Z] CLI Version:   8.4.1
[debug] [2020-06-04T20:32:45.436Z] Platform:      win32
[debug] [2020-06-04T20:32:45.437Z] Node Version:  v12.16.1
[debug] [2020-06-04T20:32:45.438Z] Time:          Fri Jun 05 2020 03:32:45 GMT+0700 (Western Indonesia Time)
[debug] [2020-06-04T20:32:45.438Z] ----------------------------------------------------------------------
[debug] [2020-06-04T20:32:45.438Z] 
[debug] [2020-06-04T20:32:45.445Z] > command requires scopes: ["email","openid","https://www.googleapis.com/auth/cloudplatformprojects.readonly","https://www.googleapis.com/auth/firebase","https://www.googleapis.com/auth/cloud-platform"]
[debug] [2020-06-04T20:32:45.445Z] > authorizing via signed-in user
[debug] [2020-06-04T20:32:45.447Z] [iam] checking project vue-school-forum-d4578 for permissions ["firebase.projects.get","firebasedatabase.instances.update"]
[debug] [2020-06-04T20:32:45.450Z] > refreshing access token with scopes: ["email","https://www.googleapis.com/auth/cloud-platform","https://www.googleapis.com/auth/cloudplatformprojects.readonly","https://www.googleapis.com/auth/firebase","openid"]
[debug] [2020-06-04T20:32:45.450Z] >>> HTTP REQUEST POST https://www.googleapis.com/oauth2/v3/token  
 <request body omitted>
[debug] [2020-06-04T20:32:45.585Z] <<< HTTP RESPONSE 200 {"content-type":"application/json; charset=utf-8","vary":"X-Origin, Referer, Origin,Accept-Encoding","date":"Thu, 04 Jun 2020 20:32:44 GMT","server":"scaffolding on HTTPServer2","cache-control":"private","x-xss-protection":"0","x-frame-options":"SAMEORIGIN","x-content-type-options":"nosniff","alt-svc":"h3-27=\":443\"; ma=2592000,h3-25=\":443\"; ma=2592000,h3-T050=\":443\"; ma=2592000,h3-Q050=\":443\"; ma=2592000,h3-Q049=\":443\"; ma=2592000,h3-Q048=\":443\"; ma=2592000,h3-Q046=\":443\"; ma=2592000,h3-Q043=\":443\"; ma=2592000,quic=\":443\"; ma=2592000; v=\"46,43\"","accept-ranges":"none","transfer-encoding":"chunked"}
[debug] [2020-06-04T20:32:45.618Z] >>> HTTP REQUEST POST https://cloudresourcemanager.googleapis.com/v1/projects/vue-school-forum-d4578:testIamPermissions  
 {"permissions":["firebase.projects.get","firebasedatabase.instances.update"]}
[debug] [2020-06-04T20:32:56.652Z] [iam] error while checking permissions, command may fail: FirebaseError: Server Error. getaddrinfo ENOTFOUND cloudresourcemanager.googleapis.com
[debug] [2020-06-04T20:32:56.653Z] >>> HTTP REQUEST GET https://firebase.googleapis.com/v1beta1/projects/vue-school-forum-d4578  
 
[debug] [2020-06-04T20:33:07.682Z] Server Error. getaddrinfo ENOTFOUND firebase.googleapis.com
[debug] [2020-06-04T20:33:07.821Z] FirebaseError: Server Error. getaddrinfo ENOTFOUND firebase.googleapis.com
    at Request._callback (C:\Users\ibann\AppData\Roaming\npm\node_modules\firebase-tools\lib\api.js:32:31)
    at self.callback (C:\Users\ibann\AppData\Roaming\npm\node_modules\firebase-tools\node_modules\request\request.js:185:22)
    at Request.emit (events.js:311:20)
    at Request.EventEmitter.emit (domain.js:482:12)
    at Request.onRequestError (C:\Users\ibann\AppData\Roaming\npm\node_modules\firebase-tools\node_modules\request\request.js:877:8)
    at ClientRequest.emit (events.js:323:22)
    at ClientRequest.EventEmitter.emit (domain.js:482:12)
    at TLSSocket.socketErrorListener (_http_client.js:426:9)
    at TLSSocket.emit (events.js:311:20)
    at TLSSocket.EventEmitter.emit (domain.js:482:12)
    at emitErrorNT (internal/streams/destroy.js:92:8)
    at emitErrorAndCloseNT (internal/streams/destroy.js:60:3)
    at processTicksAndRejections (internal/process/task_queues.js:84:21)
[error] 
[error] Error: Failed to get Firebase project vue-school-forum-d4578. Please make sure the project exists and your account has permission to access it.
[debug] [2020-06-04T20:34:21.794Z] ----------------------------------------------------------------------
[debug] [2020-06-04T20:34:21.796Z] Command:       D:\Program Files\nodejs\node.exe C:\Users\ibann\AppData\Roaming\npm\node_modules\firebase-tools\lib\bin\firebase.js database:set / src/data.json -y
[debug] [2020-06-04T20:34:21.796Z] CLI Version:   8.4.1
[debug] [2020-06-04T20:34:21.796Z] Platform:      win32
[debug] [2020-06-04T20:34:21.796Z] Node Version:  v12.16.1
[debug] [2020-06-04T20:34:21.801Z] Time:          Fri Jun 05 2020 03:34:21 GMT+0700 (Western Indonesia Time)
[debug] [2020-06-04T20:34:21.801Z] ----------------------------------------------------------------------
[debug] [2020-06-04T20:34:21.801Z] 
[debug] [2020-06-04T20:34:21.808Z] > command requires scopes: ["email","openid","https://www.googleapis.com/auth/cloudplatformprojects.readonly","https://www.googleapis.com/auth/firebase","https://www.googleapis.com/auth/cloud-platform"]
[debug] [2020-06-04T20:34:21.808Z] > authorizing via signed-in user
[debug] [2020-06-04T20:34:21.810Z] [iam] checking project vue-school-forum-d4578 for permissions ["firebase.projects.get","firebasedatabase.instances.update"]
[debug] [2020-06-04T20:34:21.813Z] >>> HTTP REQUEST POST https://cloudresourcemanager.googleapis.com/v1/projects/vue-school-forum-d4578:testIamPermissions  
 {"permissions":["firebase.projects.get","firebasedatabase.instances.update"]}
[debug] [2020-06-04T20:34:32.866Z] [iam] error while checking permissions, command may fail: FirebaseError: Server Error. getaddrinfo ENOTFOUND cloudresourcemanager.googleapis.com
[debug] [2020-06-04T20:34:32.867Z] >>> HTTP REQUEST GET https://firebase.googleapis.com/v1beta1/projects/vue-school-forum-d4578  
 
[debug] [2020-06-04T20:34:43.900Z] Server Error. getaddrinfo ENOTFOUND firebase.googleapis.com
[debug] [2020-06-04T20:34:44.042Z] FirebaseError: Server Error. getaddrinfo ENOTFOUND firebase.googleapis.com
    at Request._callback (C:\Users\ibann\AppData\Roaming\npm\node_modules\firebase-tools\lib\api.js:32:31)
    at self.callback (C:\Users\ibann\AppData\Roaming\npm\node_modules\firebase-tools\node_modules\request\request.js:185:22)
    at Request.emit (events.js:311:20)
    at Request.EventEmitter.emit (domain.js:482:12)
    at Request.onRequestError (C:\Users\ibann\AppData\Roaming\npm\node_modules\firebase-tools\node_modules\request\request.js:877:8)
    at ClientRequest.emit (events.js:323:22)
    at ClientRequest.EventEmitter.emit (domain.js:482:12)
    at TLSSocket.socketErrorListener (_http_client.js:426:9)
    at TLSSocket.emit (events.js:311:20)
    at TLSSocket.EventEmitter.emit (domain.js:482:12)
    at emitErrorNT (internal/streams/destroy.js:92:8)
    at emitErrorAndCloseNT (internal/streams/destroy.js:60:3)
    at processTicksAndRejections (internal/process/task_queues.js:84:21)
[error] 
[error] Error: Failed to get Firebase project vue-school-forum-d4578. Please make sure the project exists and your account has permission to access it.
